2024-03-31 08:33:51,533 -INFO- Request to URL https://api.lufthansa.com/v1/operations/schedules/FRA/JFK/2024-03-31 status: 200 OK
2024-03-31 08:33:52,241 -INFO- Request to URL https://api.lufthansa.com/v1/operations/flightstatus/LH400/2024-03-31 status: 200 OK
2024-03-31 08:33:52,910 -INFO- Request to URL https://api.lufthansa.com/v1/operations/flightstatus/LH404/2024-03-31 status: 200 OK
2024-03-31 08:33:53,861 -INFO- Request to URL https://api.lufthansa.com/v1/operations/flightstatus/LH1212/2024-03-31 status: 200 OK
2024-03-31 08:33:54,649 -INFO- Request to URL https://api.lufthansa.com/v1/operations/flightstatus/LX22/2024-03-31 status: 200 OK
2024-03-31 08:33:55,419 -INFO- Request to URL https://api.lufthansa.com/v1/operations/flightstatus/LX3661/2024-03-31 status: 200 OK
2024-03-31 08:33:56,243 -INFO- Request to URL https://api.lufthansa.com/v1/operations/flightstatus/LX22/2024-03-31 status: 200 OK
2024-03-31 08:33:56,903 -INFO- Request to URL https://api.lufthansa.com/v1/operations/flightstatus/LX3601/2024-03-31 status: 200 OK
2024-03-31 08:33:57,593 -INFO- Request to URL https://api.lufthansa.com/v1/operations/flightstatus/LX16/2024-03-31 status: 200 OK
2024-03-31 08:33:58,299 -INFO- Request to URL https://api.lufthansa.com/v1/operations/flightstatus/LH1184/2024-03-31 status: 200 OK
2024-03-31 08:33:59,885 -INFO- Request to URL https://api.lufthansa.com/v1/operations/flightstatus/LX16/2024-03-31 status: 200 OK
2024-03-31 08:34:00,598 -INFO- Request to URL https://api.lufthansa.com/v1/operations/flightstatus/LH1184/2024-03-31 status: 200 OK
2024-03-31 08:34:03,370 -INFO- Request to URL https://api.lufthansa.com/v1/operations/flightstatus/LX14/2024-03-31 status: 200 OK
2024-03-31 08:34:05,625 -INFO- Request to URL https://api.lufthansa.com/v1/operations/flightstatus/LX3601/2024-03-31 status: 200 OK
2024-03-31 08:34:06,932 -INFO- Request to URL https://api.lufthansa.com/v1/operations/flightstatus/LX14/2024-03-31 status: 200 OK
2024-03-31 08:34:07,781 -INFO- Request to URL https://api.lufthansa.com/v1/operations/flightstatus/LH96/2024-03-31 status: 200 OK
2024-03-31 08:34:08,691 -INFO- Request to URL https://api.lufthansa.com/v1/operations/flightstatus/LH410/2024-03-31 status: 200 OK
2024-03-31 08:34:09,370 -INFO- Request to URL https://api.lufthansa.com/v1/operations/flightstatus/OS200/2024-03-31 status: 200 OK
2024-03-31 08:34:10,121 -INFO- Request to URL https://api.lufthansa.com/v1/operations/flightstatus/OS87/2024-03-31 status: 200 OK
2024-03-31 08:34:10,800 -INFO- Request to URL https://api.lufthansa.com/v1/operations/flightstatus/LH5736/2024-03-31 status: 200 OK
2024-03-31 08:34:11,528 -INFO- Request to URL https://api.lufthansa.com/v1/operations/flightstatus/LX14/2024-03-31 status: 200 OK
2024-03-31 08:34:12,208 -INFO- Request to URL https://api.lufthansa.com/v1/operations/flightstatus/LX1069/2024-03-31 status: 200 OK
2024-03-31 08:34:12,874 -INFO- Request to URL https://api.lufthansa.com/v1/operations/flightstatus/LX14/2024-03-31 status: 200 OK
2024-03-31 08:34:13,545 -INFO- Request to URL https://api.lufthansa.com/v1/operations/flightstatus/LH5742/2024-03-31 status: 200 OK
2024-03-31 08:34:14,238 -INFO- Request to URL https://api.lufthansa.com/v1/operations/flightstatus/LX22/2024-03-31 status: 200 OK
2024-03-31 08:34:15,265 -INFO- Request to URL https://api.lufthansa.com/v1/operations/flightstatus/LX1081/2024-03-31 status: 200 OK
2024-03-31 08:34:15,936 -INFO- Request to URL https://api.lufthansa.com/v1/operations/flightstatus/LX22/2024-03-31 status: 200 OK
2024-03-31 08:34:17,397 -INFO- Request to URL https://api.lufthansa.com/v1/operations/schedules/FRA/MUC/2024-03-31 status: 200 OK
2024-03-31 08:34:18,078 -INFO- Request to URL https://api.lufthansa.com/v1/operations/flightstatus/LH96/2024-03-31 status: 200 OK
2024-03-31 08:34:18,822 -INFO- Request to URL https://api.lufthansa.com/v1/operations/flightstatus/LH3450/2024-03-31 status: 200 OK
2024-03-31 08:34:19,528 -INFO- Request to URL https://api.lufthansa.com/v1/operations/flightstatus/LH3452/2024-03-31 status: 200 OK
2024-03-31 08:34:20,276 -INFO- Request to URL https://api.lufthansa.com/v1/operations/flightstatus/LH3408/2024-03-31 status: 200 OK
2024-03-31 08:34:20,965 -INFO- Request to URL https://api.lufthansa.com/v1/operations/flightstatus/LH3408/2024-03-31 status: 200 OK
2024-03-31 08:34:21,662 -INFO- Request to URL https://api.lufthansa.com/v1/operations/flightstatus/LH100/2024-03-31 status: 200 OK
2024-03-31 08:34:22,298 -INFO- Request to URL https://api.lufthansa.com/v1/operations/flightstatus/LH3414/2024-03-31 status: 200 OK
2024-03-31 08:34:22,986 -INFO- Request to URL https://api.lufthansa.com/v1/operations/flightstatus/LH3414/2024-03-31 status: 200 OK
2024-03-31 08:34:23,682 -INFO- Request to URL https://api.lufthansa.com/v1/operations/flightstatus/LH104/2024-03-31 status: 200 OK
2024-03-31 08:34:24,421 -INFO- Request to URL https://api.lufthansa.com/v1/operations/flightstatus/LH106/2024-03-31 status: 200 OK
2024-03-31 08:34:25,171 -INFO- Request to URL https://api.lufthansa.com/v1/operations/flightstatus/LH3460/2024-03-31 status: 200 OK
2024-03-31 08:34:25,881 -INFO- Request to URL https://api.lufthansa.com/v1/operations/flightstatus/LH3462/2024-03-31 status: 200 OK
2024-03-31 08:34:27,602 -INFO- Request to URL https://api.lufthansa.com/v1/operations/flightstatus/LH3464/2024-03-31 status: 200 OK
2024-03-31 08:34:28,359 -INFO- Request to URL https://api.lufthansa.com/v1/operations/flightstatus/LH3424/2024-03-31 status: 200 OK
2024-03-31 08:34:29,065 -INFO- Request to URL https://api.lufthansa.com/v1/operations/flightstatus/LH3424/2024-03-31 status: 200 OK
2024-03-31 08:34:29,813 -INFO- Request to URL https://api.lufthansa.com/v1/operations/flightstatus/LH112/2024-03-31 status: 200 OK
2024-03-31 08:34:30,472 -INFO- Request to URL https://api.lufthansa.com/v1/operations/flightstatus/LH3466/2024-03-31 status: 200 OK
2024-03-31 08:34:31,153 -INFO- Request to URL https://api.lufthansa.com/v1/operations/flightstatus/LH114/2024-03-31 status: 200 OK
2024-03-31 08:34:31,986 -INFO- Request to URL https://api.lufthansa.com/v1/operations/flightstatus/LH3470/2024-03-31 status: 200 OK
2024-03-31 08:34:32,658 -INFO- Request to URL https://api.lufthansa.com/v1/operations/flightstatus/LH3430/2024-03-31 status: 200 OK
2024-03-31 08:34:35,133 -INFO- Request to URL https://api.lufthansa.com/v1/operations/schedules/CDG/FRA/2024-03-31 status: 200 OK
2024-03-31 08:34:35,862 -INFO- Request to URL https://api.lufthansa.com/v1/operations/flightstatus/LH1053/2024-03-31 status: 200 OK
2024-03-31 08:34:36,533 -INFO- Request to URL https://api.lufthansa.com/v1/operations/flightstatus/LH1027/2024-03-31 status: 200 OK
2024-03-31 08:34:37,364 -INFO- Request to URL https://api.lufthansa.com/v1/operations/flightstatus/LH1029/2024-03-31 status: 200 OK
2024-03-31 08:34:38,003 -INFO- Request to URL https://api.lufthansa.com/v1/operations/flightstatus/LH1031/2024-03-31 status: 200 OK
2024-03-31 08:34:38,688 -INFO- Request to URL https://api.lufthansa.com/v1/operations/flightstatus/LH1035/2024-03-31 status: 200 OK
2024-03-31 08:34:39,363 -INFO- Request to URL https://api.lufthansa.com/v1/operations/flightstatus/LH1041/2024-03-31 status: 200 OK
2024-03-31 08:34:40,035 -INFO- Request to URL https://api.lufthansa.com/v1/operations/flightstatus/LH1047/2024-03-31 status: 200 OK
2024-03-31 08:34:40,714 -INFO- Request to URL https://api.lufthansa.com/v1/operations/flightstatus/LX647/2024-03-31 status: 200 OK
2024-03-31 08:34:41,440 -INFO- Request to URL https://api.lufthansa.com/v1/operations/flightstatus/LX3600/2024-03-31 status: 200 OK
2024-03-31 08:34:42,250 -INFO- Request to URL https://api.lufthansa.com/v1/operations/flightstatus/LX647/2024-03-31 status: 200 OK
2024-03-31 08:34:42,928 -INFO- Request to URL https://api.lufthansa.com/v1/operations/flightstatus/LH1185/2024-03-31 status: 200 OK
2024-03-31 08:34:43,601 -INFO- Request to URL https://api.lufthansa.com/v1/operations/flightstatus/LX647/2024-03-31 status: 200 OK
2024-03-31 08:34:44,300 -INFO- Request to URL https://api.lufthansa.com/v1/operations/flightstatus/LH1187/2024-03-31 status: 200 OK
2024-03-31 08:34:45,133 -INFO- Request to URL https://api.lufthansa.com/v1/operations/flightstatus/LX647/2024-03-31 status: 200 OK
2024-03-31 08:34:46,460 -INFO- Request to URL https://api.lufthansa.com/v1/operations/flightstatus/LX3602/2024-03-31 status: 200 OK
2024-03-31 08:34:47,816 -INFO- Request to URL https://api.lufthansa.com/v1/operations/flightstatus/LX647/2024-03-31 status: 200 OK
2024-03-31 08:34:48,457 -INFO- Request to URL https://api.lufthansa.com/v1/operations/flightstatus/LX1072/2024-03-31 status: 200 OK
2024-03-31 08:34:49,217 -INFO- Request to URL https://api.lufthansa.com/v1/operations/flightstatus/LX647/2024-03-31 status: 200 OK
2024-03-31 08:34:49,903 -INFO- Request to URL https://api.lufthansa.com/v1/operations/flightstatus/LH5739/2024-03-31 status: 200 OK
2024-03-31 08:34:50,725 -INFO- Request to URL https://api.lufthansa.com/v1/operations/flightstatus/LX647/2024-03-31 status: 200 OK
2024-03-31 08:34:51,505 -INFO- Request to URL https://api.lufthansa.com/v1/operations/flightstatus/LH1191/2024-03-31 status: 200 OK
2024-03-31 08:34:52,280 -INFO- Request to URL https://api.lufthansa.com/v1/operations/flightstatus/LX647/2024-03-31 status: 200 OK
2024-03-31 08:34:52,980 -INFO- Request to URL https://api.lufthansa.com/v1/operations/flightstatus/LX3604/2024-03-31 status: 200 OK
2024-03-31 08:34:54,999 -INFO- Request to URL https://api.lufthansa.com/v1/operations/schedules/MUC/JFK/2024-03-31 status: 200 OK
2024-03-31 08:34:55,667 -INFO- Request to URL https://api.lufthansa.com/v1/operations/flightstatus/LH410/2024-03-31 status: 200 OK
2024-03-31 08:34:56,415 -INFO- Request to URL https://api.lufthansa.com/v1/operations/flightstatus/LH3403/2024-03-31 status: 200 OK
2024-03-31 08:34:57,068 -INFO- Request to URL https://api.lufthansa.com/v1/operations/flightstatus/LH400/2024-03-31 status: 200 OK
2024-03-31 08:34:57,876 -INFO- Request to URL https://api.lufthansa.com/v1/operations/flightstatus/LH3403/2024-03-31 status: 200 OK
2024-03-31 08:34:58,553 -INFO- Request to URL https://api.lufthansa.com/v1/operations/flightstatus/LH404/2024-03-31 status: 200 OK
2024-03-31 08:34:59,320 -INFO- Request to URL https://api.lufthansa.com/v1/operations/flightstatus/LH3403/2024-03-31 status: 200 OK
2024-03-31 08:35:00,057 -INFO- Request to URL https://api.lufthansa.com/v1/operations/flightstatus/LH400/2024-03-31 status: 200 OK
2024-03-31 08:35:00,838 -INFO- Request to URL https://api.lufthansa.com/v1/operations/flightstatus/LH3403/2024-03-31 status: 200 OK
2024-03-31 08:35:04,573 -INFO- Request to URL https://api.lufthansa.com/v1/operations/flightstatus/LH404/2024-03-31 status: 200 OK
2024-03-31 08:35:06,563 -INFO- Request to URL https://api.lufthansa.com/v1/operations/flightstatus/LH3409/2024-03-31 status: 200 OK
2024-03-31 08:35:07,243 -INFO- Request to URL https://api.lufthansa.com/v1/operations/flightstatus/LH400/2024-03-31 status: 200 OK
2024-03-31 08:35:08,028 -INFO- Request to URL https://api.lufthansa.com/v1/operations/flightstatus/LH3409/2024-03-31 status: 200 OK
2024-03-31 08:35:09,048 -INFO- Request to URL https://api.lufthansa.com/v1/operations/flightstatus/LH404/2024-03-31 status: 200 OK
2024-03-31 08:35:09,761 -INFO- Request to URL https://api.lufthansa.com/v1/operations/flightstatus/LH3409/2024-03-31 status: 200 OK
2024-03-31 08:35:10,434 -INFO- Request to URL https://api.lufthansa.com/v1/operations/flightstatus/LH400/2024-03-31 status: 200 OK
2024-03-31 08:35:11,183 -INFO- Request to URL https://api.lufthansa.com/v1/operations/flightstatus/LH3409/2024-03-31 status: 200 OK
2024-03-31 08:35:11,870 -INFO- Request to URL https://api.lufthansa.com/v1/operations/flightstatus/LH404/2024-03-31 status: 200 OK
2024-03-31 08:35:12,582 -INFO- Request to URL https://api.lufthansa.com/v1/operations/flightstatus/LH3453/2024-03-31 status: 200 OK
2024-03-31 08:35:13,238 -INFO- Request to URL https://api.lufthansa.com/v1/operations/flightstatus/LH404/2024-03-31 status: 200 OK
2024-03-31 08:35:14,908 -INFO- Request to URL https://api.lufthansa.com/v1/operations/flightstatus/LH93/2024-03-31 status: 200 OK
2024-03-31 08:35:15,625 -INFO- Request to URL https://api.lufthansa.com/v1/operations/flightstatus/LH400/2024-03-31 status: 200 OK
2024-03-31 08:35:16,400 -INFO- Request to URL https://api.lufthansa.com/v1/operations/flightstatus/LH93/2024-03-31 status: 200 OK
2024-03-31 08:35:17,051 -INFO- Request to URL https://api.lufthansa.com/v1/operations/flightstatus/LH404/2024-03-31 status: 200 OK
2024-03-31 08:35:17,798 -INFO- Request to URL https://api.lufthansa.com/v1/operations/flightstatus/LH3415/2024-03-31 status: 200 OK
2024-03-31 08:35:18,526 -INFO- Request to URL https://api.lufthansa.com/v1/operations/flightstatus/LH404/2024-03-31 status: 200 OK
2024-03-31 08:35:19,289 -INFO- Request to URL https://api.lufthansa.com/v1/operations/flightstatus/LH3455/2024-03-31 status: 200 OK
2024-03-31 08:35:20,214 -INFO- Request to URL https://api.lufthansa.com/v1/operations/flightstatus/LH404/2024-03-31 status: 200 OK
2024-03-31 08:35:21,868 -INFO- Request to URL https://api.lufthansa.com/v1/operations/schedules/CDG/MUC/2024-03-31 status: 200 OK
2024-03-31 08:35:22,700 -INFO- Request to URL https://api.lufthansa.com/v1/operations/flightstatus/LH2227/2024-03-31 status: 200 OK
2024-03-31 08:35:23,340 -INFO- Request to URL https://api.lufthansa.com/v1/operations/flightstatus/LH2229/2024-03-31 status: 200 OK
2024-03-31 08:35:24,072 -INFO- Request to URL https://api.lufthansa.com/v1/operations/flightstatus/LH2231/2024-03-31 status: 200 OK
2024-03-31 08:35:24,844 -INFO- Request to URL https://api.lufthansa.com/v1/operations/flightstatus/LH2233/2024-03-31 status: 200 OK
2024-03-31 08:35:25,600 -INFO- Request to URL https://api.lufthansa.com/v1/operations/flightstatus/LH2237/2024-03-31 status: 200 OK
2024-03-31 08:35:26,490 -INFO- Request to URL https://api.lufthansa.com/v1/operations/flightstatus/LH1053/2024-03-31 status: 200 OK
2024-03-31 08:35:27,224 -INFO- Request to URL https://api.lufthansa.com/v1/operations/flightstatus/LH96/2024-03-31 status: 200 OK
2024-03-31 08:35:27,993 -INFO- Request to URL https://api.lufthansa.com/v1/operations/flightstatus/LH1053/2024-03-31 status: 200 OK
2024-03-31 08:35:28,708 -INFO- Request to URL https://api.lufthansa.com/v1/operations/flightstatus/LH100/2024-03-31 status: 200 OK
2024-03-31 08:35:29,485 -INFO- Request to URL https://api.lufthansa.com/v1/operations/flightstatus/LH1053/2024-03-31 status: 200 OK
2024-03-31 08:35:30,388 -INFO- Request to URL https://api.lufthansa.com/v1/operations/flightstatus/LH3404/2024-03-31 status: 200 OK
2024-03-31 08:35:31,234 -INFO- Request to URL https://api.lufthansa.com/v1/operations/flightstatus/LH1053/2024-03-31 status: 200 OK
2024-03-31 08:35:31,917 -INFO- Request to URL https://api.lufthansa.com/v1/operations/flightstatus/LH3450/2024-03-31 status: 200 OK
2024-03-31 08:35:32,655 -INFO- Request to URL https://api.lufthansa.com/v1/operations/flightstatus/LH1053/2024-03-31 status: 200 OK
2024-03-31 08:35:33,599 -INFO- Request to URL https://api.lufthansa.com/v1/operations/flightstatus/LH3404/2024-03-31 status: 200 OK
2024-03-31 08:35:34,314 -INFO- Request to URL https://api.lufthansa.com/v1/operations/flightstatus/LH1053/2024-03-31 status: 200 OK
2024-03-31 08:35:35,243 -INFO- Request to URL https://api.lufthansa.com/v1/operations/flightstatus/LH3408/2024-03-31 status: 200 OK
2024-03-31 08:35:35,944 -INFO- Request to URL https://api.lufthansa.com/v1/operations/flightstatus/LH1053/2024-03-31 status: 200 OK
2024-03-31 08:35:36,706 -INFO- Request to URL https://api.lufthansa.com/v1/operations/flightstatus/LH3452/2024-03-31 status: 200 OK
2024-03-31 08:35:37,415 -INFO- Request to URL https://api.lufthansa.com/v1/operations/flightstatus/LH1053/2024-03-31 status: 200 OK
2024-03-31 08:35:38,076 -INFO- Request to URL https://api.lufthansa.com/v1/operations/flightstatus/LH104/2024-03-31 status: 200 OK
2024-03-31 08:35:38,822 -INFO- Request to URL https://api.lufthansa.com/v1/operations/flightstatus/LH1053/2024-03-31 status: 200 OK
2024-03-31 08:35:39,548 -INFO- Request to URL https://api.lufthansa.com/v1/operations/flightstatus/LH3408/2024-03-31 status: 200 OK
2024-03-31 08:35:40,232 -INFO- Request to URL https://api.lufthansa.com/v1/operations/flightstatus/LH1053/2024-03-31 status: 200 OK
2024-03-31 08:35:41,013 -INFO- Request to URL https://api.lufthansa.com/v1/operations/flightstatus/LH3410/2024-03-31 status: 200 OK
2024-03-31 08:35:41,969 -INFO- Request to URL https://api.lufthansa.com/v1/operations/flightstatus/LH1053/2024-03-31 status: 200 OK
2024-03-31 08:35:42,605 -INFO- Request to URL https://api.lufthansa.com/v1/operations/flightstatus/LH106/2024-03-31 status: 200 OK
2024-03-31 08:35:43,258 -INFO- Request to URL https://api.lufthansa.com/v1/operations/flightstatus/LH1053/2024-03-31 status: 200 OK
2024-03-31 08:35:44,043 -INFO- Request to URL https://api.lufthansa.com/v1/operations/flightstatus/LH3410/2024-03-31 status: 200 OK
2024-03-31 08:35:44,744 -INFO- Request to URL https://api.lufthansa.com/v1/operations/flightstatus/LH1053/2024-03-31 status: 200 OK
2024-03-31 08:35:45,508 -INFO- Request to URL https://api.lufthansa.com/v1/operations/flightstatus/LH3414/2024-03-31 status: 200 OK
2024-03-31 08:35:46,559 -INFO- Request to URL https://api.lufthansa.com/v1/operations/flightstatus/LH1053/2024-03-31 status: 200 OK
2024-03-31 08:35:47,351 -INFO- Request to URL https://api.lufthansa.com/v1/operations/flightstatus/LH3456/2024-03-31 status: 200 OK
2024-03-31 08:35:48,030 -INFO- Request to URL https://api.lufthansa.com/v1/operations/flightstatus/LH1053/2024-03-31 status: 200 OK
2024-03-31 08:35:48,782 -INFO- Request to URL https://api.lufthansa.com/v1/operations/flightstatus/LH3414/2024-03-31 status: 200 OK
2024-03-31 08:49:47,217 -INFO- Request to URL https://api.lufthansa.com/v1/operations/schedules/FRA/JFK/2024-03-31 status: 200 OK
2024-03-31 08:49:47,916 -INFO- Request to URL https://api.lufthansa.com/v1/operations/flightstatus/LH400/2024-03-31 status: 200 OK
2024-03-31 08:49:48,569 -INFO- Request to URL https://api.lufthansa.com/v1/operations/flightstatus/LH404/2024-03-31 status: 200 OK
2024-03-31 08:49:49,310 -INFO- Request to URL https://api.lufthansa.com/v1/operations/flightstatus/LX3661/2024-03-31 status: 200 OK
2024-03-31 08:49:50,057 -INFO- Request to URL https://api.lufthansa.com/v1/operations/flightstatus/LX22/2024-03-31 status: 200 OK
2024-03-31 08:49:50,758 -INFO- Request to URL https://api.lufthansa.com/v1/operations/flightstatus/LH1212/2024-03-31 status: 200 OK
2024-03-31 08:49:51,489 -INFO- Request to URL https://api.lufthansa.com/v1/operations/flightstatus/LX22/2024-03-31 status: 200 OK
2024-03-31 08:49:52,405 -INFO- Request to URL https://api.lufthansa.com/v1/operations/flightstatus/LH1184/2024-03-31 status: 200 OK
2024-03-31 08:49:53,109 -INFO- Request to URL https://api.lufthansa.com/v1/operations/flightstatus/LX16/2024-03-31 status: 200 OK
2024-03-31 08:49:53,944 -INFO- Request to URL https://api.lufthansa.com/v1/operations/flightstatus/LX3601/2024-03-31 status: 200 OK
2024-03-31 08:49:54,647 -INFO- Request to URL https://api.lufthansa.com/v1/operations/flightstatus/LX16/2024-03-31 status: 200 OK
2024-03-31 08:49:55,350 -INFO- Request to URL https://api.lufthansa.com/v1/operations/flightstatus/LH1184/2024-03-31 status: 200 OK
2024-03-31 08:49:56,115 -INFO- Request to URL https://api.lufthansa.com/v1/operations/flightstatus/LX14/2024-03-31 status: 200 OK
2024-03-31 08:49:56,854 -INFO- Request to URL https://api.lufthansa.com/v1/operations/flightstatus/LX3601/2024-03-31 status: 200 OK
2024-03-31 08:49:57,677 -INFO- Request to URL https://api.lufthansa.com/v1/operations/flightstatus/LX14/2024-03-31 status: 200 OK
2024-03-31 08:49:58,386 -INFO- Request to URL https://api.lufthansa.com/v1/operations/flightstatus/LH96/2024-03-31 status: 200 OK
2024-03-31 08:49:59,691 -INFO- Request to URL https://api.lufthansa.com/v1/operations/flightstatus/LH410/2024-03-31 status: 200 OK
2024-03-31 08:50:00,421 -INFO- Request to URL https://api.lufthansa.com/v1/operations/flightstatus/OS200/2024-03-31 status: 200 OK
2024-03-31 08:50:04,229 -INFO- Request to URL https://api.lufthansa.com/v1/operations/flightstatus/OS87/2024-03-31 status: 200 OK
2024-03-31 08:50:05,403 -INFO- Request to URL https://api.lufthansa.com/v1/operations/flightstatus/LH5736/2024-03-31 status: 200 OK
2024-03-31 08:50:06,218 -INFO- Request to URL https://api.lufthansa.com/v1/operations/flightstatus/LX14/2024-03-31 status: 200 OK
2024-03-31 08:50:06,954 -INFO- Request to URL https://api.lufthansa.com/v1/operations/flightstatus/LX1069/2024-03-31 status: 200 OK
2024-03-31 08:50:07,731 -INFO- Request to URL https://api.lufthansa.com/v1/operations/flightstatus/LX14/2024-03-31 status: 200 OK
2024-03-31 08:50:08,387 -INFO- Request to URL https://api.lufthansa.com/v1/operations/flightstatus/LH5742/2024-03-31 status: 200 OK
2024-03-31 08:50:09,069 -INFO- Request to URL https://api.lufthansa.com/v1/operations/flightstatus/LX22/2024-03-31 status: 200 OK
2024-03-31 08:50:09,757 -INFO- Request to URL https://api.lufthansa.com/v1/operations/flightstatus/LX1081/2024-03-31 status: 200 OK
2024-03-31 08:50:10,474 -INFO- Request to URL https://api.lufthansa.com/v1/operations/flightstatus/LX22/2024-03-31 status: 200 OK
2024-03-31 08:50:11,144 -INFO- Request to URL https://api.lufthansa.com/v1/operations/flightstatus/OS202/2024-03-31 status: 200 OK
2024-03-31 08:50:11,899 -INFO- Request to URL https://api.lufthansa.com/v1/operations/flightstatus/OS87/2024-03-31 status: 200 OK
2024-03-31 08:50:44,055 -INFO- Request to URL https://api.lufthansa.com/v1/operations/schedules/FRA/JFK/2024-03-31 status: 200 OK
2024-03-31 08:50:44,768 -INFO- Request to URL https://api.lufthansa.com/v1/operations/flightstatus/LH400/2024-03-31 status: 200 OK
2024-03-31 08:50:45,463 -INFO- Request to URL https://api.lufthansa.com/v1/operations/flightstatus/LH404/2024-03-31 status: 200 OK
2024-03-31 08:50:46,676 -INFO- Request to URL https://api.lufthansa.com/v1/operations/flightstatus/LX3661/2024-03-31 status: 200 OK
2024-03-31 08:50:47,418 -INFO- Request to URL https://api.lufthansa.com/v1/operations/flightstatus/LX22/2024-03-31 status: 200 OK
2024-03-31 08:50:48,278 -INFO- Request to URL https://api.lufthansa.com/v1/operations/flightstatus/LH1212/2024-03-31 status: 200 OK
2024-03-31 08:50:48,943 -INFO- Request to URL https://api.lufthansa.com/v1/operations/flightstatus/LX22/2024-03-31 status: 200 OK
2024-03-31 08:50:50,032 -INFO- Request to URL https://api.lufthansa.com/v1/operations/flightstatus/LX3601/2024-03-31 status: 200 OK
2024-03-31 08:50:50,680 -INFO- Request to URL https://api.lufthansa.com/v1/operations/flightstatus/LX16/2024-03-31 status: 200 OK
2024-03-31 08:50:51,417 -INFO- Request to URL https://api.lufthansa.com/v1/operations/flightstatus/LH1184/2024-03-31 status: 200 OK
2024-03-31 08:50:52,363 -INFO- Request to URL https://api.lufthansa.com/v1/operations/flightstatus/LX16/2024-03-31 status: 200 OK
2024-03-31 08:50:53,051 -INFO- Request to URL https://api.lufthansa.com/v1/operations/flightstatus/LH1184/2024-03-31 status: 200 OK
2024-03-31 08:50:53,709 -INFO- Request to URL https://api.lufthansa.com/v1/operations/flightstatus/LX14/2024-03-31 status: 200 OK
2024-03-31 08:50:54,466 -INFO- Request to URL https://api.lufthansa.com/v1/operations/flightstatus/LX3601/2024-03-31 status: 200 OK
2024-03-31 08:50:55,193 -INFO- Request to URL https://api.lufthansa.com/v1/operations/flightstatus/LX14/2024-03-31 status: 200 OK
2024-03-31 08:50:55,864 -INFO- Request to URL https://api.lufthansa.com/v1/operations/flightstatus/LH96/2024-03-31 status: 200 OK
2024-03-31 08:50:56,659 -INFO- Request to URL https://api.lufthansa.com/v1/operations/flightstatus/LH410/2024-03-31 status: 200 OK
2024-03-31 08:50:57,440 -INFO- Request to URL https://api.lufthansa.com/v1/operations/flightstatus/OS200/2024-03-31 status: 200 OK
2024-03-31 08:50:59,154 -INFO- Request to URL https://api.lufthansa.com/v1/operations/flightstatus/OS87/2024-03-31 status: 200 OK
2024-03-31 08:51:00,002 -INFO- Request to URL https://api.lufthansa.com/v1/operations/flightstatus/LX1069/2024-03-31 status: 200 OK
2024-03-31 08:51:00,703 -INFO- Request to URL https://api.lufthansa.com/v1/operations/flightstatus/LX14/2024-03-31 status: 200 OK
2024-03-31 08:51:04,429 -INFO- Request to URL https://api.lufthansa.com/v1/operations/flightstatus/LH5736/2024-03-31 status: 200 OK
2024-03-31 08:51:05,178 -INFO- Request to URL https://api.lufthansa.com/v1/operations/flightstatus/LX14/2024-03-31 status: 200 OK
2024-03-31 08:51:06,240 -INFO- Request to URL https://api.lufthansa.com/v1/operations/flightstatus/LX1081/2024-03-31 status: 200 OK
2024-03-31 08:51:07,317 -INFO- Request to URL https://api.lufthansa.com/v1/operations/flightstatus/LX22/2024-03-31 status: 200 OK
2024-03-31 08:51:08,019 -INFO- Request to URL https://api.lufthansa.com/v1/operations/flightstatus/LH5742/2024-03-31 status: 200 OK
2024-03-31 08:51:08,712 -INFO- Request to URL https://api.lufthansa.com/v1/operations/flightstatus/LX22/2024-03-31 status: 200 OK
2024-03-31 08:51:10,522 -INFO- Request to URL https://api.lufthansa.com/v1/operations/schedules/FRA/MUC/2024-03-31 status: 200 OK
2024-03-31 08:51:11,389 -INFO- Request to URL https://api.lufthansa.com/v1/operations/flightstatus/LH96/2024-03-31 status: 200 OK
2024-03-31 08:51:12,125 -INFO- Request to URL https://api.lufthansa.com/v1/operations/flightstatus/LH3450/2024-03-31 status: 200 OK
2024-03-31 08:51:12,897 -INFO- Request to URL https://api.lufthansa.com/v1/operations/flightstatus/LH3452/2024-03-31 status: 200 OK
2024-03-31 08:51:13,608 -INFO- Request to URL https://api.lufthansa.com/v1/operations/flightstatus/LH3408/2024-03-31 status: 200 OK
2024-03-31 08:51:14,368 -INFO- Request to URL https://api.lufthansa.com/v1/operations/flightstatus/LH3408/2024-03-31 status: 200 OK
2024-03-31 08:51:15,064 -INFO- Request to URL https://api.lufthansa.com/v1/operations/flightstatus/LH100/2024-03-31 status: 200 OK
2024-03-31 08:51:15,800 -INFO- Request to URL https://api.lufthansa.com/v1/operations/flightstatus/LH3414/2024-03-31 status: 200 OK
2024-03-31 08:51:16,626 -INFO- Request to URL https://api.lufthansa.com/v1/operations/flightstatus/LH3414/2024-03-31 status: 200 OK
2024-03-31 08:51:17,294 -INFO- Request to URL https://api.lufthansa.com/v1/operations/flightstatus/LH104/2024-03-31 status: 200 OK
2024-03-31 08:51:17,911 -INFO- Request to URL https://api.lufthansa.com/v1/operations/flightstatus/LH106/2024-03-31 status: 200 OK
2024-03-31 08:51:18,624 -INFO- Request to URL https://api.lufthansa.com/v1/operations/flightstatus/LH3460/2024-03-31 status: 200 OK
2024-03-31 08:51:19,337 -INFO- Request to URL https://api.lufthansa.com/v1/operations/flightstatus/LH3462/2024-03-31 status: 200 OK
2024-03-31 08:51:20,152 -INFO- Request to URL https://api.lufthansa.com/v1/operations/flightstatus/LH3464/2024-03-31 status: 200 OK
2024-03-31 08:51:20,827 -INFO- Request to URL https://api.lufthansa.com/v1/operations/flightstatus/LH3424/2024-03-31 status: 200 OK
2024-03-31 08:51:21,514 -INFO- Request to URL https://api.lufthansa.com/v1/operations/flightstatus/LH3424/2024-03-31 status: 200 OK
2024-03-31 08:51:22,192 -INFO- Request to URL https://api.lufthansa.com/v1/operations/flightstatus/LH112/2024-03-31 status: 200 OK
2024-03-31 08:51:22,846 -INFO- Request to URL https://api.lufthansa.com/v1/operations/flightstatus/LH3466/2024-03-31 status: 200 OK
2024-03-31 08:51:24,228 -INFO- Request to URL https://api.lufthansa.com/v1/operations/flightstatus/LH114/2024-03-31 status: 200 OK
2024-03-31 08:51:24,919 -INFO- Request to URL https://api.lufthansa.com/v1/operations/flightstatus/LH3470/2024-03-31 status: 200 OK
2024-03-31 08:51:25,707 -INFO- Request to URL https://api.lufthansa.com/v1/operations/flightstatus/LH3430/2024-03-31 status: 200 OK
2024-03-31 08:51:27,988 -INFO- Request to URL https://api.lufthansa.com/v1/operations/schedules/CDG/FRA/2024-03-31 status: 200 OK
2024-03-31 08:51:28,752 -INFO- Request to URL https://api.lufthansa.com/v1/operations/flightstatus/LH1053/2024-03-31 status: 200 OK
2024-03-31 08:51:29,500 -INFO- Request to URL https://api.lufthansa.com/v1/operations/flightstatus/LH1027/2024-03-31 status: 200 OK
2024-03-31 08:51:30,299 -INFO- Request to URL https://api.lufthansa.com/v1/operations/flightstatus/LH1029/2024-03-31 status: 200 OK
2024-03-31 08:51:30,970 -INFO- Request to URL https://api.lufthansa.com/v1/operations/flightstatus/LH1031/2024-03-31 status: 200 OK
2024-03-31 08:51:31,651 -INFO- Request to URL https://api.lufthansa.com/v1/operations/flightstatus/LH1035/2024-03-31 status: 200 OK
2024-03-31 08:51:32,381 -INFO- Request to URL https://api.lufthansa.com/v1/operations/flightstatus/LH1041/2024-03-31 status: 200 OK
2024-03-31 08:51:33,059 -INFO- Request to URL https://api.lufthansa.com/v1/operations/flightstatus/LH1047/2024-03-31 status: 200 OK
2024-03-31 08:51:33,837 -INFO- Request to URL https://api.lufthansa.com/v1/operations/flightstatus/LX647/2024-03-31 status: 200 OK
2024-03-31 08:51:34,505 -INFO- Request to URL https://api.lufthansa.com/v1/operations/flightstatus/LH1185/2024-03-31 status: 200 OK
2024-03-31 08:51:35,304 -INFO- Request to URL https://api.lufthansa.com/v1/operations/flightstatus/LX647/2024-03-31 status: 200 OK
2024-03-31 08:51:36,013 -INFO- Request to URL https://api.lufthansa.com/v1/operations/flightstatus/LX3600/2024-03-31 status: 200 OK
2024-03-31 08:51:36,680 -INFO- Request to URL https://api.lufthansa.com/v1/operations/flightstatus/LX647/2024-03-31 status: 200 OK
2024-03-31 08:51:37,563 -INFO- Request to URL https://api.lufthansa.com/v1/operations/flightstatus/LX3602/2024-03-31 status: 200 OK
2024-03-31 08:51:38,495 -INFO- Request to URL https://api.lufthansa.com/v1/operations/flightstatus/LX647/2024-03-31 status: 200 OK
2024-03-31 08:51:39,363 -INFO- Request to URL https://api.lufthansa.com/v1/operations/flightstatus/LH1187/2024-03-31 status: 200 OK
2024-03-31 08:51:40,065 -INFO- Request to URL https://api.lufthansa.com/v1/operations/flightstatus/LX647/2024-03-31 status: 200 OK
2024-03-31 08:51:40,782 -INFO- Request to URL https://api.lufthansa.com/v1/operations/flightstatus/LX1072/2024-03-31 status: 200 OK
2024-03-31 08:51:41,552 -INFO- Request to URL https://api.lufthansa.com/v1/operations/flightstatus/LX647/2024-03-31 status: 200 OK
2024-03-31 08:51:42,355 -INFO- Request to URL https://api.lufthansa.com/v1/operations/flightstatus/LH5739/2024-03-31 status: 200 OK
2024-03-31 08:51:43,031 -INFO- Request to URL https://api.lufthansa.com/v1/operations/flightstatus/LX647/2024-03-31 status: 200 OK
2024-03-31 08:51:44,763 -INFO- Request to URL https://api.lufthansa.com/v1/operations/flightstatus/LH1191/2024-03-31 status: 200 OK
2024-03-31 08:51:45,481 -INFO- Request to URL https://api.lufthansa.com/v1/operations/flightstatus/LX647/2024-03-31 status: 200 OK
2024-03-31 09:04:13,372 -INFO- Request to URL https://api.lufthansa.com/v1/operations/schedules/FRA/JFK/2024-03-31 status: 200 OK
2024-03-31 09:04:14,107 -INFO- Request to URL https://api.lufthansa.com/v1/operations/flightstatus/LH400/2024-03-31 status: 200 OK
2024-03-31 09:04:14,793 -INFO- Request to URL https://api.lufthansa.com/v1/operations/flightstatus/LH404/2024-03-31 status: 200 OK
2024-03-31 09:04:15,490 -INFO- Request to URL https://api.lufthansa.com/v1/operations/flightstatus/LX3661/2024-03-31 status: 200 OK
2024-03-31 09:04:16,228 -INFO- Request to URL https://api.lufthansa.com/v1/operations/flightstatus/LX22/2024-03-31 status: 200 OK
2024-03-31 09:04:16,909 -INFO- Request to URL https://api.lufthansa.com/v1/operations/flightstatus/LH1212/2024-03-31 status: 200 OK
2024-03-31 09:04:17,652 -INFO- Request to URL https://api.lufthansa.com/v1/operations/flightstatus/LX22/2024-03-31 status: 200 OK
2024-03-31 09:04:18,431 -INFO- Request to URL https://api.lufthansa.com/v1/operations/flightstatus/LH1184/2024-03-31 status: 200 OK
2024-03-31 09:04:19,153 -INFO- Request to URL https://api.lufthansa.com/v1/operations/flightstatus/LX16/2024-03-31 status: 200 OK
2024-03-31 09:04:19,880 -INFO- Request to URL https://api.lufthansa.com/v1/operations/flightstatus/LX3601/2024-03-31 status: 200 OK
2024-03-31 09:04:20,567 -INFO- Request to URL https://api.lufthansa.com/v1/operations/flightstatus/LX16/2024-03-31 status: 200 OK
2024-03-31 09:04:21,519 -INFO- Request to URL https://api.lufthansa.com/v1/operations/flightstatus/LX3601/2024-03-31 status: 200 OK
2024-03-31 09:04:22,273 -INFO- Request to URL https://api.lufthansa.com/v1/operations/flightstatus/LX14/2024-03-31 status: 200 OK
2024-03-31 09:04:22,951 -INFO- Request to URL https://api.lufthansa.com/v1/operations/flightstatus/LH1184/2024-03-31 status: 200 OK
2024-03-31 09:04:23,698 -INFO- Request to URL https://api.lufthansa.com/v1/operations/flightstatus/LX14/2024-03-31 status: 200 OK
2024-03-31 09:04:24,410 -INFO- Request to URL https://api.lufthansa.com/v1/operations/flightstatus/LH96/2024-03-31 status: 200 OK
2024-03-31 09:04:25,106 -INFO- Request to URL https://api.lufthansa.com/v1/operations/flightstatus/LH410/2024-03-31 status: 200 OK
2024-03-31 09:04:25,872 -INFO- Request to URL https://api.lufthansa.com/v1/operations/flightstatus/OS200/2024-03-31 status: 200 OK
2024-03-31 09:04:26,573 -INFO- Request to URL https://api.lufthansa.com/v1/operations/flightstatus/OS87/2024-03-31 status: 200 OK
2024-03-31 09:04:27,271 -INFO- Request to URL https://api.lufthansa.com/v1/operations/flightstatus/LH5736/2024-03-31 status: 200 OK
2024-03-31 09:04:27,961 -INFO- Request to URL https://api.lufthansa.com/v1/operations/flightstatus/LX14/2024-03-31 status: 200 OK
2024-03-31 09:04:28,638 -INFO- Request to URL https://api.lufthansa.com/v1/operations/flightstatus/LX1069/2024-03-31 status: 200 OK
2024-03-31 09:04:29,416 -INFO- Request to URL https://api.lufthansa.com/v1/operations/flightstatus/LX14/2024-03-31 status: 200 OK
2024-03-31 09:04:30,135 -INFO- Request to URL https://api.lufthansa.com/v1/operations/flightstatus/LH5742/2024-03-31 status: 200 OK
2024-03-31 09:04:30,944 -INFO- Request to URL https://api.lufthansa.com/v1/operations/flightstatus/LX22/2024-03-31 status: 200 OK
2024-03-31 09:04:31,674 -INFO- Request to URL https://api.lufthansa.com/v1/operations/flightstatus/LX1081/2024-03-31 status: 200 OK
2024-03-31 09:04:32,364 -INFO- Request to URL https://api.lufthansa.com/v1/operations/flightstatus/LX22/2024-03-31 status: 200 OK
2024-03-31 09:04:33,043 -INFO- Request to URL https://api.lufthansa.com/v1/operations/flightstatus/OS202/2024-03-31 status: 200 OK
2024-03-31 09:04:33,729 -INFO- Request to URL https://api.lufthansa.com/v1/operations/flightstatus/OS87/2024-03-31 status: 200 OK
2024-03-31 09:04:35,490 -INFO- Request to URL https://api.lufthansa.com/v1/operations/schedules/FRA/MUC/2024-03-31 status: 200 OK
2024-03-31 09:04:36,364 -INFO- Request to URL https://api.lufthansa.com/v1/operations/flightstatus/LH96/2024-03-31 status: 200 OK
2024-03-31 09:04:37,352 -INFO- Request to URL https://api.lufthansa.com/v1/operations/flightstatus/LH3450/2024-03-31 status: 200 OK
2024-03-31 09:04:38,004 -INFO- Request to URL https://api.lufthansa.com/v1/operations/flightstatus/LH3452/2024-03-31 status: 200 OK
2024-03-31 09:04:38,764 -INFO- Request to URL https://api.lufthansa.com/v1/operations/flightstatus/LH3408/2024-03-31 status: 200 OK
2024-03-31 09:04:39,520 -INFO- Request to URL https://api.lufthansa.com/v1/operations/flightstatus/LH3408/2024-03-31 status: 200 OK
2024-03-31 09:04:40,240 -INFO- Request to URL https://api.lufthansa.com/v1/operations/flightstatus/LH100/2024-03-31 status: 200 OK
2024-03-31 09:04:40,962 -INFO- Request to URL https://api.lufthansa.com/v1/operations/flightstatus/LH3414/2024-03-31 status: 200 OK
2024-03-31 09:04:41,689 -INFO- Request to URL https://api.lufthansa.com/v1/operations/flightstatus/LH3414/2024-03-31 status: 200 OK
2024-03-31 09:04:42,564 -INFO- Request to URL https://api.lufthansa.com/v1/operations/flightstatus/LH104/2024-03-31 status: 200 OK
2024-03-31 09:04:43,311 -INFO- Request to URL https://api.lufthansa.com/v1/operations/flightstatus/LH106/2024-03-31 status: 200 OK
2024-03-31 09:04:44,268 -INFO- Request to URL https://api.lufthansa.com/v1/operations/flightstatus/LH3460/2024-03-31 status: 200 OK
2024-03-31 09:04:44,996 -INFO- Request to URL https://api.lufthansa.com/v1/operations/flightstatus/LH3462/2024-03-31 status: 200 OK
2024-03-31 09:04:46,023 -INFO- Request to URL https://api.lufthansa.com/v1/operations/flightstatus/LH3464/2024-03-31 status: 200 OK
2024-03-31 09:04:46,785 -INFO- Request to URL https://api.lufthansa.com/v1/operations/flightstatus/LH3424/2024-03-31 status: 200 OK
2024-03-31 09:04:47,471 -INFO- Request to URL https://api.lufthansa.com/v1/operations/flightstatus/LH3424/2024-03-31 status: 200 OK
2024-03-31 09:04:49,149 -INFO- Request to URL https://api.lufthansa.com/v1/operations/flightstatus/LH112/2024-03-31 status: 200 OK
2024-03-31 09:04:50,266 -INFO- Request to URL https://api.lufthansa.com/v1/operations/flightstatus/LH3466/2024-03-31 status: 200 OK
2024-03-31 09:04:51,134 -INFO- Request to URL https://api.lufthansa.com/v1/operations/flightstatus/LH114/2024-03-31 status: 200 OK
2024-03-31 09:04:51,887 -INFO- Request to URL https://api.lufthansa.com/v1/operations/flightstatus/LH3470/2024-03-31 status: 200 OK
2024-03-31 09:04:52,591 -INFO- Request to URL https://api.lufthansa.com/v1/operations/flightstatus/LH3430/2024-03-31 status: 200 OK
2024-03-31 09:04:54,994 -INFO- Request to URL https://api.lufthansa.com/v1/operations/schedules/CDG/FRA/2024-03-31 status: 200 OK
2024-03-31 09:04:55,753 -INFO- Request to URL https://api.lufthansa.com/v1/operations/flightstatus/LH1053/2024-03-31 status: 200 OK
2024-03-31 09:04:56,654 -INFO- Request to URL https://api.lufthansa.com/v1/operations/flightstatus/LH1027/2024-03-31 status: 200 OK
2024-03-31 09:04:57,355 -INFO- Request to URL https://api.lufthansa.com/v1/operations/flightstatus/LH1029/2024-03-31 status: 200 OK
2024-03-31 09:04:58,102 -INFO- Request to URL https://api.lufthansa.com/v1/operations/flightstatus/LH1031/2024-03-31 status: 200 OK
2024-03-31 09:04:58,906 -INFO- Request to URL https://api.lufthansa.com/v1/operations/flightstatus/LH1035/2024-03-31 status: 200 OK
2024-03-31 09:04:59,609 -INFO- Request to URL https://api.lufthansa.com/v1/operations/flightstatus/LH1041/2024-03-31 status: 200 OK
2024-03-31 09:05:00,342 -INFO- Request to URL https://api.lufthansa.com/v1/operations/flightstatus/LH1047/2024-03-31 status: 200 OK
2024-03-31 09:05:04,085 -INFO- Request to URL https://api.lufthansa.com/v1/operations/flightstatus/LX647/2024-03-31 status: 200 OK
2024-03-31 09:05:04,864 -INFO- Request to URL https://api.lufthansa.com/v1/operations/flightstatus/LX3600/2024-03-31 status: 200 OK
2024-03-31 09:05:06,130 -INFO- Request to URL https://api.lufthansa.com/v1/operations/flightstatus/LX647/2024-03-31 status: 200 OK
2024-03-31 09:05:07,146 -INFO- Request to URL https://api.lufthansa.com/v1/operations/flightstatus/LH1185/2024-03-31 status: 200 OK
2024-03-31 09:05:07,840 -INFO- Request to URL https://api.lufthansa.com/v1/operations/flightstatus/LX647/2024-03-31 status: 200 OK
2024-03-31 09:05:08,541 -INFO- Request to URL https://api.lufthansa.com/v1/operations/flightstatus/LH1187/2024-03-31 status: 200 OK
2024-03-31 09:05:09,366 -INFO- Request to URL https://api.lufthansa.com/v1/operations/flightstatus/LX647/2024-03-31 status: 200 OK
2024-03-31 09:05:10,283 -INFO- Request to URL https://api.lufthansa.com/v1/operations/flightstatus/LX3602/2024-03-31 status: 200 OK
2024-03-31 09:05:11,124 -INFO- Request to URL https://api.lufthansa.com/v1/operations/flightstatus/LX647/2024-03-31 status: 200 OK
2024-03-31 09:05:11,879 -INFO- Request to URL https://api.lufthansa.com/v1/operations/flightstatus/LX1072/2024-03-31 status: 200 OK
2024-03-31 09:05:12,737 -INFO- Request to URL https://api.lufthansa.com/v1/operations/flightstatus/LX647/2024-03-31 status: 200 OK
2024-03-31 09:05:13,413 -INFO- Request to URL https://api.lufthansa.com/v1/operations/flightstatus/LH5739/2024-03-31 status: 200 OK
2024-03-31 09:05:14,187 -INFO- Request to URL https://api.lufthansa.com/v1/operations/flightstatus/LX647/2024-03-31 status: 200 OK
2024-03-31 09:05:14,882 -INFO- Request to URL https://api.lufthansa.com/v1/operations/flightstatus/LX3604/2024-03-31 status: 200 OK
2024-03-31 09:05:15,621 -INFO- Request to URL https://api.lufthansa.com/v1/operations/flightstatus/LX647/2024-03-31 status: 200 OK
2024-03-31 09:05:16,555 -INFO- Request to URL https://api.lufthansa.com/v1/operations/flightstatus/LH1191/2024-03-31 status: 200 OK
2024-03-31 09:05:18,399 -INFO- Request to URL https://api.lufthansa.com/v1/operations/schedules/MUC/JFK/2024-03-31 status: 200 OK
2024-03-31 09:05:19,111 -INFO- Request to URL https://api.lufthansa.com/v1/operations/flightstatus/LH410/2024-03-31 status: 200 OK
2024-03-31 09:05:19,965 -INFO- Request to URL https://api.lufthansa.com/v1/operations/flightstatus/LH3403/2024-03-31 status: 200 OK
2024-03-31 09:05:20,759 -INFO- Request to URL https://api.lufthansa.com/v1/operations/flightstatus/LH400/2024-03-31 status: 200 OK
2024-03-31 09:05:21,555 -INFO- Request to URL https://api.lufthansa.com/v1/operations/flightstatus/LH3403/2024-03-31 status: 200 OK
2024-03-31 09:05:22,223 -INFO- Request to URL https://api.lufthansa.com/v1/operations/flightstatus/LH404/2024-03-31 status: 200 OK
2024-03-31 09:05:23,190 -INFO- Request to URL https://api.lufthansa.com/v1/operations/flightstatus/LH3403/2024-03-31 status: 200 OK
2024-03-31 09:05:23,955 -INFO- Request to URL https://api.lufthansa.com/v1/operations/flightstatus/LH400/2024-03-31 status: 200 OK
2024-03-31 09:05:24,785 -INFO- Request to URL https://api.lufthansa.com/v1/operations/flightstatus/LH3403/2024-03-31 status: 200 OK
2024-03-31 09:05:25,615 -INFO- Request to URL https://api.lufthansa.com/v1/operations/flightstatus/LH404/2024-03-31 status: 200 OK
2024-03-31 09:05:26,703 -INFO- Request to URL https://api.lufthansa.com/v1/operations/flightstatus/LH3409/2024-03-31 status: 200 OK
2024-03-31 09:05:27,628 -INFO- Request to URL https://api.lufthansa.com/v1/operations/flightstatus/LH400/2024-03-31 status: 200 OK
2024-03-31 09:05:28,502 -INFO- Request to URL https://api.lufthansa.com/v1/operations/flightstatus/LH3409/2024-03-31 status: 200 OK
2024-03-31 09:05:29,286 -INFO- Request to URL https://api.lufthansa.com/v1/operations/flightstatus/LH404/2024-03-31 status: 200 OK
2024-03-31 09:05:30,034 -INFO- Request to URL https://api.lufthansa.com/v1/operations/flightstatus/LH3409/2024-03-31 status: 200 OK
2024-03-31 09:05:30,812 -INFO- Request to URL https://api.lufthansa.com/v1/operations/flightstatus/LH400/2024-03-31 status: 200 OK
2024-03-31 09:05:31,550 -INFO- Request to URL https://api.lufthansa.com/v1/operations/flightstatus/LH3409/2024-03-31 status: 200 OK
2024-03-31 09:05:32,197 -INFO- Request to URL https://api.lufthansa.com/v1/operations/flightstatus/LH404/2024-03-31 status: 200 OK
2024-03-31 09:05:32,936 -INFO- Request to URL https://api.lufthansa.com/v1/operations/flightstatus/LH3453/2024-03-31 status: 200 OK
2024-03-31 09:05:34,161 -INFO- Request to URL https://api.lufthansa.com/v1/operations/flightstatus/LH404/2024-03-31 status: 200 OK
2024-03-31 09:05:35,146 -INFO- Request to URL https://api.lufthansa.com/v1/operations/flightstatus/LH93/2024-03-31 status: 200 OK
2024-03-31 09:05:35,882 -INFO- Request to URL https://api.lufthansa.com/v1/operations/flightstatus/LH400/2024-03-31 status: 200 OK
2024-03-31 09:05:36,576 -INFO- Request to URL https://api.lufthansa.com/v1/operations/flightstatus/LH93/2024-03-31 status: 200 OK
2024-03-31 09:05:37,245 -INFO- Request to URL https://api.lufthansa.com/v1/operations/flightstatus/LH404/2024-03-31 status: 200 OK
2024-03-31 09:05:39,005 -INFO- Request to URL https://api.lufthansa.com/v1/operations/flightstatus/LH3415/2024-03-31 status: 200 OK
2024-03-31 09:05:39,806 -INFO- Request to URL https://api.lufthansa.com/v1/operations/flightstatus/LH404/2024-03-31 status: 200 OK
2024-03-31 09:05:40,541 -INFO- Request to URL https://api.lufthansa.com/v1/operations/flightstatus/LH3455/2024-03-31 status: 200 OK
2024-03-31 09:05:41,212 -INFO- Request to URL https://api.lufthansa.com/v1/operations/flightstatus/LH404/2024-03-31 status: 200 OK
2024-03-31 09:05:42,845 -INFO- Request to URL https://api.lufthansa.com/v1/operations/schedules/CDG/MUC/2024-03-31 status: 200 OK
2024-03-31 09:05:43,542 -INFO- Request to URL https://api.lufthansa.com/v1/operations/flightstatus/LH2227/2024-03-31 status: 200 OK
2024-03-31 09:05:44,265 -INFO- Request to URL https://api.lufthansa.com/v1/operations/flightstatus/LH2229/2024-03-31 status: 200 OK
2024-03-31 09:05:45,463 -INFO- Request to URL https://api.lufthansa.com/v1/operations/flightstatus/LH2231/2024-03-31 status: 200 OK
2024-03-31 09:05:46,174 -INFO- Request to URL https://api.lufthansa.com/v1/operations/flightstatus/LH2233/2024-03-31 status: 200 OK
2024-03-31 09:05:47,998 -INFO- Request to URL https://api.lufthansa.com/v1/operations/flightstatus/LH2237/2024-03-31 status: 200 OK
2024-03-31 09:05:48,892 -INFO- Request to URL https://api.lufthansa.com/v1/operations/flightstatus/LH1053/2024-03-31 status: 200 OK
2024-03-31 09:05:49,679 -INFO- Request to URL https://api.lufthansa.com/v1/operations/flightstatus/LH96/2024-03-31 status: 200 OK
2024-03-31 09:05:50,506 -INFO- Request to URL https://api.lufthansa.com/v1/operations/flightstatus/LH1053/2024-03-31 status: 200 OK
2024-03-31 09:05:51,485 -INFO- Request to URL https://api.lufthansa.com/v1/operations/flightstatus/LH100/2024-03-31 status: 200 OK
2024-03-31 09:05:52,477 -INFO- Request to URL https://api.lufthansa.com/v1/operations/flightstatus/LH1053/2024-03-31 status: 200 OK
2024-03-31 09:05:53,308 -INFO- Request to URL https://api.lufthansa.com/v1/operations/flightstatus/LH3404/2024-03-31 status: 200 OK
2024-03-31 09:05:54,082 -INFO- Request to URL https://api.lufthansa.com/v1/operations/flightstatus/LH1053/2024-03-31 status: 200 OK
2024-03-31 09:05:55,572 -INFO- Request to URL https://api.lufthansa.com/v1/operations/flightstatus/LH3450/2024-03-31 status: 200 OK
2024-03-31 09:05:56,327 -INFO- Request to URL https://api.lufthansa.com/v1/operations/flightstatus/LH1053/2024-03-31 status: 200 OK
2024-03-31 09:05:57,022 -INFO- Request to URL https://api.lufthansa.com/v1/operations/flightstatus/LH3404/2024-03-31 status: 200 OK
2024-03-31 09:05:57,758 -INFO- Request to URL https://api.lufthansa.com/v1/operations/flightstatus/LH1053/2024-03-31 status: 200 OK
2024-03-31 09:05:58,686 -INFO- Request to URL https://api.lufthansa.com/v1/operations/flightstatus/LH3408/2024-03-31 status: 200 OK
2024-03-31 09:05:59,682 -INFO- Request to URL https://api.lufthansa.com/v1/operations/flightstatus/LH1053/2024-03-31 status: 200 OK
2024-03-31 09:06:00,476 -INFO- Request to URL https://api.lufthansa.com/v1/operations/flightstatus/LH3452/2024-03-31 status: 200 OK
2024-03-31 09:06:05,349 -INFO- Request to URL https://api.lufthansa.com/v1/operations/flightstatus/LH1053/2024-03-31 status: 200 OK
2024-03-31 09:06:07,571 -INFO- Request to URL https://api.lufthansa.com/v1/operations/flightstatus/LH104/2024-03-31 status: 200 OK
2024-03-31 09:06:08,395 -INFO- Request to URL https://api.lufthansa.com/v1/operations/flightstatus/LH1053/2024-03-31 status: 200 OK
2024-03-31 09:06:09,200 -INFO- Request to URL https://api.lufthansa.com/v1/operations/flightstatus/LH3408/2024-03-31 status: 200 OK
2024-03-31 09:06:10,010 -INFO- Request to URL https://api.lufthansa.com/v1/operations/flightstatus/LH1053/2024-03-31 status: 200 OK
2024-03-31 09:06:12,441 -INFO- Request to URL https://api.lufthansa.com/v1/operations/flightstatus/LH3410/2024-03-31 status: 504 message: { "Error": "Gateway Timeout" }

2024-03-31 09:06:13,528 -INFO- Request to URL https://api.lufthansa.com/v1/operations/flightstatus/LH1053/2024-03-31 status: 200 OK
2024-03-31 09:06:14,263 -INFO- Request to URL https://api.lufthansa.com/v1/operations/flightstatus/LH106/2024-03-31 status: 200 OK
2024-03-31 09:06:15,116 -INFO- Request to URL https://api.lufthansa.com/v1/operations/flightstatus/LH1053/2024-03-31 status: 200 OK
2024-03-31 09:06:15,913 -INFO- Request to URL https://api.lufthansa.com/v1/operations/flightstatus/LH3410/2024-03-31 status: 200 OK
2024-03-31 09:06:16,709 -INFO- Request to URL https://api.lufthansa.com/v1/operations/flightstatus/LH1053/2024-03-31 status: 200 OK
2024-03-31 09:06:17,492 -INFO- Request to URL https://api.lufthansa.com/v1/operations/flightstatus/LH3414/2024-03-31 status: 200 OK
2024-03-31 09:06:18,161 -INFO- Request to URL https://api.lufthansa.com/v1/operations/flightstatus/LH1053/2024-03-31 status: 200 OK
2024-03-31 09:06:18,880 -INFO- Request to URL https://api.lufthansa.com/v1/operations/flightstatus/LH3456/2024-03-31 status: 200 OK
2024-03-31 09:06:19,862 -INFO- Request to URL https://api.lufthansa.com/v1/operations/flightstatus/LH1053/2024-03-31 status: 200 OK
2024-03-31 09:06:20,573 -INFO- Request to URL https://api.lufthansa.com/v1/operations/flightstatus/LH3414/2024-03-31 status: 200 OK
