2024-08-28 16:16:04,356 - INFO - En attente du fichier de signalisation pour démarrer le script...
2024-08-28 16:16:04,356 - INFO - Fichier de signalisation détecté. Démarrage du script...
2024-08-28 16:16:04,360 - INFO - Connexion à MongoDB établie avec succès.
2024-08-28 16:16:04,360 - INFO - Nettoyage de la collection c_airports...
2024-08-28 16:16:07,429 - INFO - 1467 documents supprimés de la collection c_airports.
2024-08-28 16:16:07,430 - INFO - Nettoyage de la collection c_flights_info...
2024-08-28 16:16:07,436 - INFO - 765 documents supprimés de la collection c_flights_info.
2024-08-28 16:16:07,609 - INFO - 1467 documents insérés dans la collection c_airports.
2024-08-28 16:16:07,610 - INFO - Chargement des données du fichier lufth_DXB_FRA_20240708_1901_flight_info.json des vols réussi.
2024-08-28 16:16:07,611 - INFO - Chargement des données du fichier lufth_MUC_FRA_20240807_1900_flight_info.json des vols réussi.
2024-08-28 16:16:07,611 - INFO - Chargement des données du fichier lufth_MUC_FRA_20240708_1900_flight_info.json des vols réussi.
2024-08-28 16:16:07,611 - INFO - Chargement des données du fichier lufth_FRA_JFK_20240815_1900_flight_info.json des vols réussi.
2024-08-28 16:16:07,612 - INFO - Chargement des données du fichier lufth_FRA_CDG_20240708_1900_flight_info.json des vols réussi.
2024-08-28 16:16:07,612 - INFO - Chargement des données du fichier lufth_LAS_FRA_20240813_1900_flight_info.json des vols réussi.
2024-08-28 16:16:07,612 - INFO - Chargement des données du fichier lufth_CDG_FRA_20240807_1900_flight_info.json des vols réussi.
2024-08-28 16:16:07,612 - INFO - Chargement des données du fichier lufth_CDG_FRA_20240815_1900_flight_info.json des vols réussi.
2024-08-28 16:16:07,613 - INFO - Chargement des données du fichier lufth_JFK_FRA_20240815_1900_flight_info.json des vols réussi.
2024-08-28 16:16:07,613 - INFO - Chargement des données du fichier lufth_FRA_CDG_20240807_1900_flight_info.json des vols réussi.
2024-08-28 16:16:07,613 - INFO - Chargement des données du fichier lufth_FRA_DXB_20240708_1901_flight_info.json des vols réussi.
2024-08-28 16:16:07,613 - INFO - Chargement des données du fichier lufth_JFK_FRA_20240708_1900_flight_info.json des vols réussi.
2024-08-28 16:16:07,614 - INFO - Chargement des données du fichier lufth_FRA_LAS_20240813_1900_flight_info.json des vols réussi.
2024-08-28 16:16:07,614 - INFO - Chargement des données du fichier lufth_FRA_MUC_20240815_1900_flight_info.json des vols réussi.
2024-08-28 16:16:07,614 - INFO - Chargement des données du fichier lufth_CDG_FRA_20240813_1900_flight_info.json des vols réussi.
2024-08-28 16:16:07,614 - INFO - Chargement des données du fichier lufth_MUC_FRA_20240815_1900_flight_info.json des vols réussi.
2024-08-28 16:16:07,615 - INFO - Chargement des données du fichier lufth_FRA_MUC_20240708_1900_flight_info.json des vols réussi.
2024-08-28 16:16:07,615 - INFO - Chargement des données du fichier lufth_JFK_FRA_20240813_1900_flight_info.json des vols réussi.
2024-08-28 16:16:07,615 - INFO - Chargement des données du fichier lufth_FRA_MUC_20240807_1900_flight_info.json des vols réussi.
2024-08-28 16:16:07,615 - INFO - Chargement des données du fichier lufth_FRA_DOH_20240813_1900_flight_info.json des vols réussi.
2024-08-28 16:16:07,616 - INFO - Chargement des données du fichier lufth_CDG_FRA_20240708_1900_flight_info.json des vols réussi.
2024-08-28 16:16:07,616 - INFO - Chargement des données du fichier lufth_DOH_FRA_20240813_1900_flight_info.json des vols réussi.
2024-08-28 16:16:07,616 - INFO - Chargement des données du fichier lufth_FRA_CDG_20240813_1900_flight_info.json des vols réussi.
2024-08-28 16:16:07,616 - INFO - Chargement des données du fichier lufth_FRA_JFK_20240813_1900_flight_info.json des vols réussi.
2024-08-28 16:16:07,616 - INFO - Chargement des données du fichier lufth_JFK_FRA_20240807_1900_flight_info.json des vols réussi.
2024-08-28 16:16:07,617 - INFO - Chargement des données du fichier lufth_FRA_JFK_20240807_1900_flight_info.json des vols réussi.
2024-08-28 16:16:07,617 - INFO - Chargement des données du fichier lufth_FRA_MUC_20240813_1900_flight_info.json des vols réussi.
2024-08-28 16:16:07,617 - INFO - Chargement des données du fichier lufth_FRA_CDG_20240815_1900_flight_info.json des vols réussi.
2024-08-28 16:16:07,617 - INFO - Chargement des données du fichier lufth_MUC_FRA_20240813_1900_flight_info.json des vols réussi.
2024-08-28 16:16:07,618 - INFO - Chargement des données du fichier lufth_MUC_JFK_20240813_1900_flight_info.json des vols réussi.
2024-08-28 16:16:07,618 - INFO - Chargement des données du fichier lufth_CDG_MUC_20240813_1900_flight_info.json des vols réussi.
2024-08-28 16:16:07,618 - INFO - Chargement des données du fichier lufth_FRA_JFK_20240708_1900_flight_info.json des vols réussi.
2024-08-28 16:16:07,757 - INFO - 765 documents insérés dans la collection c_flights_info.
2024-08-28 16:16:07,761 - INFO - Upload de tous les fichiers JSON vers MongoDB terminé.
